<?xml version="1.0" encoding="UTF-8"?>
<testng-results skipped="0" failed="0" ignored="0" total="2" passed="2">
  <reporter-output>
  </reporter-output>
  <suite name="Default suite" duration-ms="27262" started-at="2019-04-06T00:08:40Z" finished-at="2019-04-06T00:09:08Z">
    <groups>
    </groups>
    <test name="Default test" duration-ms="27262" started-at="2019-04-06T00:08:40Z" finished-at="2019-04-06T00:09:08Z">
      <class name="com.scroll.Scroll2">
        <test-method status="PASS" signature="Launch()[pri:0, instance:com.scroll.Scroll2@4c70fda8]" name="Launch" is-config="true" duration-ms="6138" started-at="2019-04-06T00:08:40Z" finished-at="2019-04-06T00:08:47Z">
          <reporter-output>
          </reporter-output>
        </test-method> <!-- Launch -->
        <test-method status="PASS" signature="report()[pri:0, instance:com.scroll.Scroll2@4c70fda8]" name="report" is-config="true" duration-ms="403" started-at="2019-04-06T00:08:47Z" depends-on-methods="com.scroll.Title.Launch" finished-at="2019-04-06T00:08:47Z">
          <reporter-output>
          </reporter-output>
        </test-method> <!-- report -->
        <test-method status="PASS" signature="scroll()[pri:0, instance:com.scroll.Scroll2@4c70fda8]" name="scroll" duration-ms="18554" started-at="2019-04-06T00:08:47Z" finished-at="2019-04-06T00:09:05Z">
          <reporter-output>
          </reporter-output>
        </test-method> <!-- scroll -->
        <test-method status="PASS" signature="testdata(java.lang.String, java.lang.String)[pri:0, instance:com.scroll.Scroll2@4c70fda8]" name="testdata" duration-ms="1145" started-at="2019-04-06T00:09:05Z" data-provider="DATAA" finished-at="2019-04-06T00:09:07Z">
          <params>
            <param index="0">
              <value>
                <![CDATA[115234447]]>
              </value>
            </param>
            <param index="1">
              <value>
                <![CDATA[Love@123]]>
              </value>
            </param>
          </params>
          <reporter-output>
          </reporter-output>
        </test-method> <!-- testdata -->
        <test-method status="PASS" signature="stop()[pri:0, instance:com.scroll.Scroll2@4c70fda8]" name="stop" is-config="true" duration-ms="1007" started-at="2019-04-06T00:09:07Z" finished-at="2019-04-06T00:09:08Z">
          <reporter-output>
          </reporter-output>
        </test-method> <!-- stop -->
      </class> <!-- com.scroll.Scroll2 -->
    </test> <!-- Default test -->
  </suite> <!-- Default suite -->
</testng-results>
